/Users/admin/DEV_BOX/DEV_SPRING_BOOT/staroot
[INFO] Scanning for projects...
[INFO] 
[INFO] ------------------------------------------------------------------------
[INFO] Building staroot 1.0
[INFO] ------------------------------------------------------------------------
[INFO] 
[INFO] >>> spring-boot-maven-plugin:1.5.22.RELEASE:run (default-cli) > test-compile @ staroot >>>
[INFO] 
[INFO] --- maven-resources-plugin:2.7:resources (default-resources) @ staroot ---
[INFO] Using 'UTF-8' encoding to copy filtered resources.
[INFO] Copying 1 resource
[INFO] Copying 536 resources
[INFO] 
[INFO] --- maven-compiler-plugin:3.1:compile (default-compile) @ staroot ---
[INFO] Nothing to compile - all classes are up to date
[INFO] 
[INFO] --- maven-resources-plugin:2.7:testResources (default-testResources) @ staroot ---
[INFO] Not copying test resources
[INFO] 
[INFO] --- maven-compiler-plugin:3.1:testCompile (default-testCompile) @ staroot ---
[INFO] Not compiling test sources
[INFO] 
[INFO] <<< spring-boot-maven-plugin:1.5.22.RELEASE:run (default-cli) < test-compile @ staroot <<<
[INFO] 
[INFO] 
[INFO] --- spring-boot-maven-plugin:1.5.22.RELEASE:run (default-cli) @ staroot ---
[INFO] Attaching agents: []
The Class-Path manifest attribute in /Users/admin/.m2/repository/org/glassfish/jaxb/jaxb-runtime/2.3.2/jaxb-runtime-2.3.2.jar referenced one or more files that do not exist: file:/Users/admin/.m2/repository/org/glassfish/jaxb/jaxb-runtime/2.3.2/jakarta.xml.bind-api-2.3.2.jar,file:/Users/admin/.m2/repository/org/glassfish/jaxb/jaxb-runtime/2.3.2/txw2-2.3.2.jar,file:/Users/admin/.m2/repository/org/glassfish/jaxb/jaxb-runtime/2.3.2/istack-commons-runtime-3.0.8.jar,file:/Users/admin/.m2/repository/org/glassfish/jaxb/jaxb-runtime/2.3.2/stax-ex-1.8.1.jar,file:/Users/admin/.m2/repository/org/glassfish/jaxb/jaxb-runtime/2.3.2/FastInfoset-1.2.16.jar,file:/Users/admin/.m2/repository/org/glassfish/jaxb/jaxb-runtime/2.3.2/jakarta.activation-api-1.2.1.jar
22:42:24.739 [main] DEBUG org.springframework.boot.devtools.settings.DevToolsSettings - Included patterns for restart : []
22:42:24.754 [main] DEBUG org.springframework.boot.devtools.settings.DevToolsSettings - Excluded patterns for restart : [/spring-boot-starter/target/classes/, /spring-boot-autoconfigure/target/classes/, /spring-boot-starter-[\w-]+/, /spring-boot/target/classes/, /spring-boot-actuator/target/classes/, /spring-boot-devtools/target/classes/]
22:42:24.755 [main] DEBUG org.springframework.boot.devtools.restart.ChangeableUrls - Matching URLs for reloading : [file:/Users/admin/DEV_BOX/DEV_SPRING_BOOT/staroot/target/classes/]

  .   ____          _            __ _ _
 /\\ / ___'_ __ _ _(_)_ __  __ _ \ \ \ \
( ( )\___ | '_ | '_| | '_ \/ _` | \ \ \ \
 \\/  ___)| |_)| | | | | || (_| |  ) ) ) )
  '  |____| .__|_| |_|_| |_\__, | / / / /
 =========|_|==============|___/=/_/_/_/
 :: Spring Boot ::       (v1.5.22.RELEASE)

2022-08-21 22:42:25.148  INFO 68737 --- [  restartedMain] com.staroot.StarootApplication           : Starting StarootApplication on admins-MacBook-Pro.local with PID 68737 (/Users/admin/DEV_BOX/DEV_SPRING_BOOT/staroot/target/classes started by admin in /Users/admin/DEV_BOX/DEV_SPRING_BOOT/staroot)
2022-08-21 22:42:25.150  INFO 68737 --- [  restartedMain] com.staroot.StarootApplication           : No active profile set, falling back to default profiles: default
2022-08-21 22:42:25.300  INFO 68737 --- [  restartedMain] ationConfigEmbeddedWebApplicationContext : Refreshing org.springframework.boot.context.embedded.AnnotationConfigEmbeddedWebApplicationContext@26156d48: startup date [Sun Aug 21 22:42:25 KST 2022]; root of context hierarchy
2022-08-21 22:42:27.291  INFO 68737 --- [  restartedMain] o.s.b.f.s.DefaultListableBeanFactory     : Overriding bean definition for bean 'characterEncodingFilter' with a different definition: replacing [Root bean: class [null]; scope=; abstract=false; lazyInit=false; autowireMode=3; dependencyCheck=0; autowireCandidate=true; primary=false; factoryBeanName=springBootServletInitializer; factoryMethodName=characterEncodingFilter; initMethodName=null; destroyMethodName=(inferred); defined in class path resource [com/staroot/config/web/SpringBootServletInitializer.class]] with [Root bean: class [null]; scope=; abstract=false; lazyInit=false; autowireMode=3; dependencyCheck=0; autowireCandidate=true; primary=false; factoryBeanName=org.springframework.boot.autoconfigure.web.HttpEncodingAutoConfiguration; factoryMethodName=characterEncodingFilter; initMethodName=null; destroyMethodName=(inferred); defined in class path resource [org/springframework/boot/autoconfigure/web/HttpEncodingAutoConfiguration.class]]
2022-08-21 22:42:27.976  INFO 68737 --- [  restartedMain] trationDelegate$BeanPostProcessorChecker : Bean 'org.springframework.amqp.rabbit.annotation.RabbitBootstrapConfiguration' of type [org.springframework.amqp.rabbit.annotation.RabbitBootstrapConfiguration$$EnhancerBySpringCGLIB$$d6290991] is not eligible for getting processed by all BeanPostProcessors (for example: not eligible for auto-proxying)
2022-08-21 22:42:28.082  INFO 68737 --- [  restartedMain] trationDelegate$BeanPostProcessorChecker : Bean 'org.springframework.transaction.annotation.ProxyTransactionManagementConfiguration' of type [org.springframework.transaction.annotation.ProxyTransactionManagementConfiguration$$EnhancerBySpringCGLIB$$fbd4b63] is not eligible for getting processed by all BeanPostProcessors (for example: not eligible for auto-proxying)
2022-08-21 22:42:28.836  INFO 68737 --- [  restartedMain] s.b.c.e.t.TomcatEmbeddedServletContainer : Tomcat initialized with port(s): 18080 (http)
2022-08-21 22:42:28.902  INFO 68737 --- [  restartedMain] o.apache.catalina.core.StandardService   : Starting service [Tomcat]
2022-08-21 22:42:28.902  INFO 68737 --- [  restartedMain] org.apache.catalina.core.StandardEngine  : Starting Servlet Engine: Apache Tomcat/8.5.43
2022-08-21 22:42:29.069  INFO 68737 --- [ost-startStop-1] o.a.c.c.C.[Tomcat].[localhost].[/]       : Initializing Spring embedded WebApplicationContext
2022-08-21 22:42:29.070  INFO 68737 --- [ost-startStop-1] o.s.web.context.ContextLoader            : Root WebApplicationContext: initialization completed in 3774 ms
2022-08-21 22:42:30.447  INFO 68737 --- [ost-startStop-1] j.LocalContainerEntityManagerFactoryBean : Building JPA container EntityManagerFactory for persistence unit 'default'
2022-08-21 22:42:30.466  INFO 68737 --- [ost-startStop-1] o.hibernate.jpa.internal.util.LogHelper  : HHH000204: Processing PersistenceUnitInfo [
	name: default
	...]
2022-08-21 22:42:30.526  INFO 68737 --- [ost-startStop-1] org.hibernate.Version                    : HHH000412: Hibernate Core {5.0.12.Final}
2022-08-21 22:42:30.528  INFO 68737 --- [ost-startStop-1] org.hibernate.cfg.Environment            : HHH000206: hibernate.properties not found
2022-08-21 22:42:30.529  INFO 68737 --- [ost-startStop-1] org.hibernate.cfg.Environment            : HHH000021: Bytecode provider name : javassist
2022-08-21 22:42:30.565  INFO 68737 --- [ost-startStop-1] o.hibernate.annotations.common.Version   : HCANN000001: Hibernate Commons Annotations {5.0.1.Final}
2022-08-21 22:42:30.685  INFO 68737 --- [ost-startStop-1] org.hibernate.dialect.Dialect            : HHH000400: Using dialect: org.hibernate.dialect.H2Dialect
2022-08-21 22:42:31.296  INFO 68737 --- [ost-startStop-1] org.hibernate.tool.hbm2ddl.SchemaExport  : HHH000227: Running hbm2ddl schema export
Hibernate: 
    drop table board if exists
Hibernate: 
    drop table dept if exists
Hibernate: 
    drop table login_hist if exists
Hibernate: 
    drop table message if exists
Hibernate: 
    drop table reply if exists
Hibernate: 
    drop table user if exists
Hibernate: 
    drop table user_file if exists
Hibernate: 
    drop table user_picture if exists
Hibernate: 
    create table board (
        id bigint generated by default as identity,
        contents clob,
        create_date timestamp,
        modify_date timestamp,
        title varchar(255),
        user_id bigint,
        primary key (id)
    )
Hibernate: 
    create table dept (
        id varchar(255) generated by default as identity,
        dept_id varchar(20) not null,
        name varchar(255),
        primary key (id)
    )
Hibernate: 
    create table login_hist (
        id varchar(255) generated by default as identity,
        create_date timestamp,
        ip varchar(255),
        referer varchar(255),
        requesturi varchar(255),
        status varchar(255),
        user_id bigint,
        primary key (id)
    )
Hibernate: 
    create table message (
        id varchar(255) generated by default as identity,
        msg_id varchar(255),
        msg_title varchar(255),
        primary key (id)
    )
Hibernate: 
    create table reply (
        id varchar(255) generated by default as identity,
        contents clob,
        create_date timestamp,
        board_id bigint,
        writer_id bigint,
        primary key (id)
    )
Hibernate: 
    create table user (
        id bigint generated by default as identity,
        dummy varchar(255),
        email varchar(255),
        name varchar(255),
        password varchar(255),
        user_id varchar(20) not null,
        primary key (id)
    )
Hibernate: 
    create table user_file (
        id bigint generated by default as identity,
        chng_file_nm varchar(255),
        create_date timestamp,
        file_div varchar(255),
        file_path varchar(255),
        file_size bigint,
        orig_file_nm varchar(255),
        user_id bigint,
        primary key (id)
    )
Hibernate: 
    create table user_picture (
        id varchar(255) generated by default as identity,
        chng_file_nm varchar(255),
        create_date timestamp,
        file_path varchar(255),
        file_size bigint,
        orig_file_nm varchar(255),
        user_id bigint,
        primary key (id)
    )
Hibernate: 
    alter table board 
        add constraint FKfyf1fchnby6hndhlfaidier1r 
        foreign key (user_id) 
        references user
Hibernate: 
    alter table login_hist 
        add constraint fk_loginhist_user 
        foreign key (user_id) 
        references user
Hibernate: 
    alter table reply 
        add constraint fk_reply_to_board 
        foreign key (board_id) 
        references board
Hibernate: 
    alter table reply 
        add constraint fk_reply_writer 
        foreign key (writer_id) 
        references user
Hibernate: 
    alter table user_file 
        add constraint fk_file_user 
        foreign key (user_id) 
        references user
Hibernate: 
    alter table user_picture 
        add constraint fk_pic_user 
        foreign key (user_id) 
        references user
2022-08-21 22:42:31.368  INFO 68737 --- [ost-startStop-1] org.hibernate.tool.hbm2ddl.SchemaExport  : HHH000476: Executing import script '/import.sql'
2022-08-21 22:42:31.457  INFO 68737 --- [ost-startStop-1] org.hibernate.tool.hbm2ddl.SchemaExport  : HHH000230: Schema export complete
2022-08-21 22:42:31.486  INFO 68737 --- [ost-startStop-1] j.LocalContainerEntityManagerFactoryBean : Initialized JPA EntityManagerFactory for persistence unit 'default'
2022-08-21 22:42:32.256  INFO 68737 --- [ost-startStop-1] o.s.b.w.servlet.ServletRegistrationBean  : Mapping servlet: 'dispatcherServlet' to [/]
2022-08-21 22:42:32.263  INFO 68737 --- [ost-startStop-1] o.s.b.w.servlet.ServletRegistrationBean  : Mapping servlet: 'webServlet' to [/h2/*]
2022-08-21 22:42:32.270  INFO 68737 --- [ost-startStop-1] o.s.b.w.servlet.FilterRegistrationBean   : Mapping filter: 'characterEncodingFilter' to: [/*]
2022-08-21 22:42:32.271  INFO 68737 --- [ost-startStop-1] o.s.b.w.servlet.FilterRegistrationBean   : Mapping filter: 'hiddenHttpMethodFilter' to: [/*]
2022-08-21 22:42:32.271  INFO 68737 --- [ost-startStop-1] o.s.b.w.servlet.FilterRegistrationBean   : Mapping filter: 'httpPutFormContentFilter' to: [/*]
2022-08-21 22:42:32.271  INFO 68737 --- [ost-startStop-1] o.s.b.w.servlet.FilterRegistrationBean   : Mapping filter: 'requestContextFilter' to: [/*]
2022-08-21 22:42:32.271  INFO 68737 --- [ost-startStop-1] o.s.b.w.servlet.FilterRegistrationBean   : Mapping filter: 'loginCheckFilter' to: [/*]
2022-08-21 22:42:32.271  INFO 68737 --- [ost-startStop-1] o.s.b.w.servlet.FilterRegistrationBean   : Mapping filter: 'XSSFilter' to: [/*]
XSS filter init
:::TestFilter init() called
2022-08-21 22:42:33.465  INFO 68737 --- [  restartedMain] s.w.s.m.m.a.RequestMappingHandlerMapping : Mapped "{[/api/board/{boardId}/reply/create],methods=[POST]}" onto public com.staroot.domain.Reply com.staroot.controller.ApiReplyController.create(java.lang.Long,java.lang.String,javax.servlet.http.HttpSession)
2022-08-21 22:42:33.475  INFO 68737 --- [  restartedMain] s.w.s.m.m.a.RequestMappingHandlerMapping : Mapped "{[/api/users/{id}],methods=[GET]}" onto public com.staroot.domain.User com.staroot.controller.ApiUserController.show(java.lang.Long)
2022-08-21 22:42:33.482  INFO 68737 --- [  restartedMain] s.w.s.m.m.a.RequestMappingHandlerMapping : Mapped "{[/board/list],methods=[GET]}" onto public java.lang.String com.staroot.controller.BoardController.boardList(java.lang.String,java.lang.String,org.springframework.ui.Model,javax.servlet.http.HttpSession)
2022-08-21 22:42:33.483  INFO 68737 --- [  restartedMain] s.w.s.m.m.a.RequestMappingHandlerMapping : Mapped "{[/board/list/{id}],methods=[GET]}" onto public java.lang.String com.staroot.controller.BoardController.boardListAndDetail(java.lang.Long,java.lang.String,java.lang.String,org.springframework.ui.Model,javax.servlet.http.HttpSession)
2022-08-21 22:42:33.483  INFO 68737 --- [  restartedMain] s.w.s.m.m.a.RequestMappingHandlerMapping : Mapped "{[/board/createForm],methods=[GET]}" onto public java.lang.String com.staroot.controller.BoardController.boardCreateForm()
2022-08-21 22:42:33.483  INFO 68737 --- [  restartedMain] s.w.s.m.m.a.RequestMappingHandlerMapping : Mapped "{[/board/modify/{id}],methods=[PUT]}" onto public java.lang.String com.staroot.controller.BoardController.saveModify(java.lang.Long,java.lang.String,java.lang.String,javax.servlet.http.HttpSession)
2022-08-21 22:42:33.483  INFO 68737 --- [  restartedMain] s.w.s.m.m.a.RequestMappingHandlerMapping : Mapped "{[/board/modify/{id}],methods=[DELETE]}" onto public java.lang.String com.staroot.controller.BoardController.saveModify(java.lang.Long,javax.servlet.http.HttpSession)
2022-08-21 22:42:33.483  INFO 68737 --- [  restartedMain] s.w.s.m.m.a.RequestMappingHandlerMapping : Mapped "{[/board/modify/{id}],methods=[GET]}" onto public java.lang.String com.staroot.controller.BoardController.modify(java.lang.Long,org.springframework.ui.Model,javax.servlet.http.HttpSession)
2022-08-21 22:42:33.484  INFO 68737 --- [  restartedMain] s.w.s.m.m.a.RequestMappingHandlerMapping : Mapped "{[/board/create],methods=[POST]}" onto public java.lang.String com.staroot.controller.BoardController.create(java.lang.String,java.lang.String,javax.servlet.http.HttpSession)
2022-08-21 22:42:33.488  INFO 68737 --- [  restartedMain] s.w.s.m.m.a.RequestMappingHandlerMapping : Mapped "{[/ckeditor/file/files],methods=[GET]}" onto public java.lang.String com.staroot.controller.CKEditorFileController.provideUploadInfo(org.springframework.ui.Model)
2022-08-21 22:42:33.489  INFO 68737 --- [  restartedMain] s.w.s.m.m.a.RequestMappingHandlerMapping : Mapped "{[/ckeditor/file/userFileList],methods=[GET]}" onto public java.lang.String com.staroot.controller.CKEditorFileController.userFileList(org.springframework.ui.Model,javax.servlet.http.HttpSession)
2022-08-21 22:42:33.489  INFO 68737 --- [  restartedMain] s.w.s.m.m.a.RequestMappingHandlerMapping : Mapped "{[/ckeditor/file/editorFileList],methods=[GET]}" onto public java.lang.String com.staroot.controller.CKEditorFileController.editorFileList(org.springframework.ui.Model,javax.servlet.http.HttpSession)
2022-08-21 22:42:33.489  INFO 68737 --- [  restartedMain] s.w.s.m.m.a.RequestMappingHandlerMapping : Mapped "{[/ckeditor/file/{uploadType}/upload],methods=[POST]}" onto public java.lang.String com.staroot.controller.CKEditorFileController.fileUpload(java.lang.String,org.springframework.web.multipart.MultipartFile,javax.servlet.http.HttpSession,org.springframework.web.servlet.mvc.support.RedirectAttributes)
2022-08-21 22:42:33.489  INFO 68737 --- [  restartedMain] s.w.s.m.m.a.RequestMappingHandlerMapping : Mapped "{[/ckeditor/file/multi_upload_form],methods=[GET]}" onto public java.lang.String com.staroot.controller.CKEditorFileController.showMultiUploadForm()
2022-08-21 22:42:33.489  INFO 68737 --- [  restartedMain] s.w.s.m.m.a.RequestMappingHandlerMapping : Mapped "{[/ckeditor/file/single_upload_form],methods=[GET]}" onto public java.lang.String com.staroot.controller.CKEditorFileController.singleUploadForm()
2022-08-21 22:42:33.490  INFO 68737 --- [  restartedMain] s.w.s.m.m.a.RequestMappingHandlerMapping : Mapped "{[/ckeditor/file/multi_upload],methods=[POST]}" onto public java.lang.String com.staroot.controller.CKEditorFileController.multipleSave(org.springframework.web.multipart.MultipartFile[])
2022-08-21 22:42:33.491  INFO 68737 --- [  restartedMain] s.w.s.m.m.a.RequestMappingHandlerMapping : Mapped "{[/ckeditor/file/{uploadType}/download/{fileId:.+}]}" onto public byte[] com.staroot.controller.CKEditorFileController.getFile(java.lang.String,java.lang.Long,javax.servlet.http.HttpSession,javax.servlet.http.HttpServletRequest,javax.servlet.http.HttpServletResponse) throws java.io.IOException
2022-08-21 22:42:33.497  INFO 68737 --- [  restartedMain] s.w.s.m.m.a.RequestMappingHandlerMapping : Mapped "{[/handlebar/hbtest1]}" onto public java.lang.String com.staroot.controller.HandleBarController.hbtest1(org.springframework.ui.Model,javax.servlet.http.HttpSession)
2022-08-21 22:42:33.498  INFO 68737 --- [  restartedMain] s.w.s.m.m.a.RequestMappingHandlerMapping : Mapped "{[/],methods=[GET]}" onto public java.lang.String com.staroot.controller.HomeController.index(org.springframework.ui.Model)
2022-08-21 22:42:33.499  INFO 68737 --- [  restartedMain] s.w.s.m.m.a.RequestMappingHandlerMapping : Mapped "{[/mail/send/{id}],methods=[GET]}" onto public java.lang.String com.staroot.controller.MailController.index(java.lang.Long,org.springframework.ui.Model)
2022-08-21 22:42:33.500  INFO 68737 --- [  restartedMain] s.w.s.m.m.a.RequestMappingHandlerMapping : Mapped "{[/board/{boardId}/reply/create],methods=[POST]}" onto public java.lang.String com.staroot.controller.ReplyController.create(java.lang.Long,java.lang.String,javax.servlet.http.HttpSession)
2022-08-21 22:42:33.501  INFO 68737 --- [  restartedMain] s.w.s.m.m.a.RequestMappingHandlerMapping : Mapped "{[/board/file/files],methods=[GET]}" onto public java.lang.String com.staroot.controller.SampleFileController.provideUploadInfo(org.springframework.ui.Model)
2022-08-21 22:42:33.501  INFO 68737 --- [  restartedMain] s.w.s.m.m.a.RequestMappingHandlerMapping : Mapped "{[/board/file/single_upload],methods=[POST]}" onto public java.lang.String com.staroot.controller.SampleFileController.fileUpload(java.lang.String,org.springframework.web.multipart.MultipartFile,org.springframework.web.servlet.mvc.support.RedirectAttributes)
2022-08-21 22:42:33.501  INFO 68737 --- [  restartedMain] s.w.s.m.m.a.RequestMappingHandlerMapping : Mapped "{[/board/file/multi_upload_form],methods=[GET]}" onto public java.lang.String com.staroot.controller.SampleFileController.showMultiUploadForm()
2022-08-21 22:42:33.502  INFO 68737 --- [  restartedMain] s.w.s.m.m.a.RequestMappingHandlerMapping : Mapped "{[/board/file/single_upload_form],methods=[GET]}" onto public java.lang.String com.staroot.controller.SampleFileController.singleUploadForm()
2022-08-21 22:42:33.502  INFO 68737 --- [  restartedMain] s.w.s.m.m.a.RequestMappingHandlerMapping : Mapped "{[/board/file/multi_upload],methods=[POST]}" onto public java.lang.String com.staroot.controller.SampleFileController.multipleSave(org.springframework.web.multipart.MultipartFile[])
2022-08-21 22:42:33.512  INFO 68737 --- [  restartedMain] s.w.s.m.m.a.RequestMappingHandlerMapping : Mapped "{[/user/register],methods=[GET]}" onto public java.lang.String com.staroot.controller.UserController.registerForm()
2022-08-21 22:42:33.513  INFO 68737 --- [  restartedMain] s.w.s.m.m.a.RequestMappingHandlerMapping : Mapped "{[/user/register2],methods=[GET]}" onto public java.lang.String com.staroot.controller.UserController.registerForm2()
2022-08-21 22:42:33.513  INFO 68737 --- [  restartedMain] s.w.s.m.m.a.RequestMappingHandlerMapping : Mapped "{[/user/register3],methods=[GET]}" onto public java.lang.String com.staroot.controller.UserController.registerForm3()
2022-08-21 22:42:33.514  INFO 68737 --- [  restartedMain] s.w.s.m.m.a.RequestMappingHandlerMapping : Mapped "{[/user/login2],methods=[GET]}" onto public java.lang.String com.staroot.controller.UserController.login2(javax.servlet.http.HttpServletRequest,org.springframework.ui.Model)
2022-08-21 22:42:33.514  INFO 68737 --- [  restartedMain] s.w.s.m.m.a.RequestMappingHandlerMapping : Mapped "{[/user/login3],methods=[GET]}" onto public java.lang.String com.staroot.controller.UserController.login3(javax.servlet.http.HttpServletRequest,org.springframework.ui.Model)
2022-08-21 22:42:33.514  INFO 68737 --- [  restartedMain] s.w.s.m.m.a.RequestMappingHandlerMapping : Mapped "{[/user/login],methods=[POST]}" onto public java.lang.String com.staroot.controller.UserController.login(java.lang.String,java.lang.String,javax.servlet.http.HttpSession,javax.servlet.http.HttpServletRequest)
2022-08-21 22:42:33.514  INFO 68737 --- [  restartedMain] s.w.s.m.m.a.RequestMappingHandlerMapping : Mapped "{[/user/login],methods=[GET]}" onto public java.lang.String com.staroot.controller.UserController.login(javax.servlet.http.HttpServletRequest,org.springframework.ui.Model)
2022-08-21 22:42:33.514  INFO 68737 --- [  restartedMain] s.w.s.m.m.a.RequestMappingHandlerMapping : Mapped "{[/user/logout],methods=[GET]}" onto public java.lang.String com.staroot.controller.UserController.logout(javax.servlet.http.HttpServletRequest,javax.servlet.http.HttpSession)
2022-08-21 22:42:33.514  INFO 68737 --- [  restartedMain] s.w.s.m.m.a.RequestMappingHandlerMapping : Mapped "{[/user/profile/image/{imageName:.+}]}" onto public byte[] com.staroot.controller.UserController.getImage(java.lang.String) throws java.io.IOException
2022-08-21 22:42:33.514  INFO 68737 --- [  restartedMain] s.w.s.m.m.a.RequestMappingHandlerMapping : Mapped "{[/user/alert],methods=[GET]}" onto public java.lang.String com.staroot.controller.UserController.msgList(org.springframework.ui.Model)
2022-08-21 22:42:33.515  INFO 68737 --- [  restartedMain] s.w.s.m.m.a.RequestMappingHandlerMapping : Mapped "{[/user/profile],methods=[GET]}" onto public java.lang.String com.staroot.controller.UserController.profile(javax.servlet.http.HttpSession,org.springframework.ui.Model)
2022-08-21 22:42:33.515  INFO 68737 --- [  restartedMain] s.w.s.m.m.a.RequestMappingHandlerMapping : Mapped "{[/user/register],methods=[POST]}" onto public java.lang.String com.staroot.controller.UserController.register(com.staroot.domain.User,org.springframework.ui.Model,javax.servlet.http.HttpSession)
2022-08-21 22:42:33.515  INFO 68737 --- [  restartedMain] s.w.s.m.m.a.RequestMappingHandlerMapping : Mapped "{[/user/update],methods=[POST]}" onto public java.lang.String com.staroot.controller.UserController.update(com.staroot.domain.User,java.lang.String,javax.servlet.http.HttpSession,org.springframework.web.multipart.MultipartFile)
2022-08-21 22:42:33.515  INFO 68737 --- [  restartedMain] s.w.s.m.m.a.RequestMappingHandlerMapping : Mapped "{[/user/member]}" onto public java.lang.String com.staroot.controller.UserController.list(org.springframework.ui.Model)
2022-08-21 22:42:33.523  INFO 68737 --- [  restartedMain] s.w.s.m.m.a.RequestMappingHandlerMapping : Mapped "{[/v2/api-docs],methods=[GET],produces=[application/json || application/hal+json]}" onto public org.springframework.http.ResponseEntity<springfox.documentation.spring.web.json.Json> springfox.documentation.swagger2.web.Swagger2Controller.getDocumentation(java.lang.String,javax.servlet.http.HttpServletRequest)
2022-08-21 22:42:33.536  INFO 68737 --- [  restartedMain] s.w.s.m.m.a.RequestMappingHandlerMapping : Mapped "{[/swagger-resources/configuration/security]}" onto org.springframework.http.ResponseEntity<springfox.documentation.swagger.web.SecurityConfiguration> springfox.documentation.swagger.web.ApiResourceController.securityConfiguration()
2022-08-21 22:42:33.538  INFO 68737 --- [  restartedMain] s.w.s.m.m.a.RequestMappingHandlerMapping : Mapped "{[/swagger-resources/configuration/ui]}" onto org.springframework.http.ResponseEntity<springfox.documentation.swagger.web.UiConfiguration> springfox.documentation.swagger.web.ApiResourceController.uiConfiguration()
2022-08-21 22:42:33.539  INFO 68737 --- [  restartedMain] s.w.s.m.m.a.RequestMappingHandlerMapping : Mapped "{[/swagger-resources]}" onto org.springframework.http.ResponseEntity<java.util.List<springfox.documentation.swagger.web.SwaggerResource>> springfox.documentation.swagger.web.ApiResourceController.swaggerResources()
2022-08-21 22:42:33.550  INFO 68737 --- [  restartedMain] s.w.s.m.m.a.RequestMappingHandlerMapping : Mapped "{[/error],produces=[text/html]}" onto public org.springframework.web.servlet.ModelAndView org.springframework.boot.autoconfigure.web.BasicErrorController.errorHtml(javax.servlet.http.HttpServletRequest,javax.servlet.http.HttpServletResponse)
2022-08-21 22:42:33.551  INFO 68737 --- [  restartedMain] s.w.s.m.m.a.RequestMappingHandlerMapping : Mapped "{[/error]}" onto public org.springframework.http.ResponseEntity<java.util.Map<java.lang.String, java.lang.Object>> org.springframework.boot.autoconfigure.web.BasicErrorController.error(javax.servlet.http.HttpServletRequest)
##### SpringBootServletInitializer HttpMessageConverter start #####
##### SpringBootServletInitializer scheduledExecutorService start #####
2022-08-21 22:42:33.804  INFO 68737 --- [  restartedMain] o.s.s.c.ScheduledExecutorFactoryBean     : Initializing ExecutorService 'scheduledExecutorService'
2022-08-21 22:42:34.191  INFO 68737 --- [  restartedMain] s.w.s.m.m.a.RequestMappingHandlerAdapter : Looking for @ControllerAdvice: org.springframework.boot.context.embedded.AnnotationConfigEmbeddedWebApplicationContext@26156d48: startup date [Sun Aug 21 22:42:25 KST 2022]; root of context hierarchy
2022-08-21 22:42:34.280  INFO 68737 --- [  restartedMain] o.s.w.s.handler.SimpleUrlHandlerMapping  : Mapped URL path [/webjars/**] onto handler of type [class org.springframework.web.servlet.resource.ResourceHttpRequestHandler]
2022-08-21 22:42:34.280  INFO 68737 --- [  restartedMain] o.s.w.s.handler.SimpleUrlHandlerMapping  : Mapped URL path [/**] onto handler of type [class org.springframework.web.servlet.resource.ResourceHttpRequestHandler]
2022-08-21 22:42:34.352  INFO 68737 --- [  restartedMain] o.s.w.s.handler.SimpleUrlHandlerMapping  : Mapped URL path [/**/favicon.ico] onto handler of type [class org.springframework.web.servlet.resource.ResourceHttpRequestHandler]
2022-08-21 22:42:34.991  INFO 68737 --- [  restartedMain] o.s.b.d.a.OptionalLiveReloadServer       : LiveReload server is running on port 35729
2022-08-21 22:42:35.082  INFO 68737 --- [  restartedMain] o.s.j.e.a.AnnotationMBeanExporter        : Registering beans for JMX exposure on startup
2022-08-21 22:42:35.100  INFO 68737 --- [  restartedMain] o.s.j.e.a.AnnotationMBeanExporter        : Bean with name 'rabbitConnectionFactory' has been autodetected for JMX exposure
2022-08-21 22:42:35.111  INFO 68737 --- [  restartedMain] o.s.j.e.a.AnnotationMBeanExporter        : Located managed bean 'rabbitConnectionFactory': registering with JMX server as MBean [org.springframework.amqp.rabbit.connection:name=rabbitConnectionFactory,type=CachingConnectionFactory]
2022-08-21 22:42:35.140  INFO 68737 --- [  restartedMain] o.s.c.support.DefaultLifecycleProcessor  : Starting beans in phase 2147483647
2022-08-21 22:42:35.141  INFO 68737 --- [  restartedMain] d.s.w.p.DocumentationPluginsBootstrapper : Context refreshed
2022-08-21 22:42:35.154  INFO 68737 --- [  restartedMain] d.s.w.p.DocumentationPluginsBootstrapper : Found 1 custom documentation plugin(s)
2022-08-21 22:42:35.165  INFO 68737 --- [  restartedMain] s.d.s.w.s.ApiListingReferenceScanner     : Scanning for api listing references
2022-08-21 22:42:35.364  INFO 68737 --- [  restartedMain] .d.s.w.r.o.CachingOperationNameGenerator : Generating unique operation named: createUsingPOST_1
2022-08-21 22:42:35.477  INFO 68737 --- [  restartedMain] .d.s.w.r.o.CachingOperationNameGenerator : Generating unique operation named: indexUsingGET_1
2022-08-21 22:42:35.481  INFO 68737 --- [  restartedMain] .d.s.w.r.o.CachingOperationNameGenerator : Generating unique operation named: createUsingPOST_2
2022-08-21 22:42:35.493  INFO 68737 --- [  restartedMain] .d.s.w.r.o.CachingOperationNameGenerator : Generating unique operation named: fileUploadUsingPOST_1
2022-08-21 22:42:35.501  INFO 68737 --- [  restartedMain] .d.s.w.r.o.CachingOperationNameGenerator : Generating unique operation named: multipleSaveUsingPOST_1
2022-08-21 22:42:35.504  INFO 68737 --- [  restartedMain] .d.s.w.r.o.CachingOperationNameGenerator : Generating unique operation named: provideUploadInfoUsingGET_1
2022-08-21 22:42:35.505  INFO 68737 --- [  restartedMain] .d.s.w.r.o.CachingOperationNameGenerator : Generating unique operation named: showMultiUploadFormUsingGET_1
2022-08-21 22:42:35.507  INFO 68737 --- [  restartedMain] .d.s.w.r.o.CachingOperationNameGenerator : Generating unique operation named: singleUploadFormUsingGET_1
2022-08-21 22:42:35.725  INFO 68737 --- [  restartedMain] s.b.c.e.t.TomcatEmbeddedServletContainer : Tomcat started on port(s): 18080 (http)
2022-08-21 22:42:35.758  INFO 68737 --- [  restartedMain] com.staroot.StarootApplication           : Started StarootApplication in 10.958 seconds (JVM running for 11.526)
CCCCCCCCCCCCCCCCCCCCCCCCCCCCCCC
